<?xml version="1.0" encoding="UTF-8"?>
<testsuite xmlns:xsi="http://www.w3.org/2001/XMLSchema-instance" xsi:noNamespaceSchemaLocation="https://maven.apache.org/surefire/maven-surefire-plugin/xsd/surefire-test-report.xsd" name="br.testesFuncionais.TasksTest" time="16.866" tests="4" errors="0" skipped="0" failures="0">
  <properties>
[...]
</properties>
  <testcase name="deveValidarCriticaAoInserirTaskComDataPassada" classname="br.testesFuncionais.TasksTest" time="10.462"/>
  <testcase name="deveSalvarTaskComSucesso" classname="br.testesFuncionais.TasksTest" time="16.863"/>
  <testcase name="deveValidarCriticaAoInserirTaskSemData" classname="br.testesFuncionais.TasksTest" time="16.34"/>
  <testcase name="deveValidarCriticaAoInserirTaskSemDescricao" classname="br.testesFuncionais.TasksTest" time="9.569"/>
</testsuite>